[03:20:33.871][INFO][CraftTweaker-EarlyInit]: CraftTweaker is running on a Minecraft 1.20.1 production server modded with platform Forge
[03:20:33.890][INFO][CraftTweaker-EarlyInit]: Successfully injected RecipeFS file system
[03:20:33.965][INFO][CraftTweaker-Plugins]: Successfully identified and loaded plugin crafttweaker:builtin
[03:20:33.972][INFO][CraftTweaker-Plugins]: Successfully identified and loaded plugin crafttweaker:builtin_forge
[03:20:33.974][INFO][CraftTweaker-Plugins]: Successfully identified and loaded plugin createtweaker:main
[03:20:33.982][INFO][CraftTweaker-Plugins]: Successfully identified and loaded plugin farmersdelight:crafttweaker_plugin
[03:20:33.983][INFO][CraftTweaker-Plugins]: Successfully identified and loaded plugin refurbished_furniture:plugin
[03:20:35.611][INFO][CraftTweaker]: The following mods have explicit CraftTweaker support through the default plugin:
[03:20:35.613][INFO][CraftTweaker]: - 'crafttweaker' at version '14.0.48'
[03:20:35.613][INFO][CraftTweaker]: - 'createtweaker' at version '4.0.13'
[03:20:35.614][INFO][CraftTweaker]: - 'farmersdelight' at version '1.20.1-1.2.6'
[03:20:35.614][INFO][CraftTweaker]: - 'refurbished_furniture' at version '1.0.8'
[03:20:45.742][INFO][CraftTweaker-ZenCode]: Started loading scripts for loader 'initialize'
[03:20:46.720][INFO][CraftTweaker-ZenCode]: Compiling and executing scripts
[03:20:46.768][INFO][CraftTweaker-ZenCode]: Successfully initialized modules [crafttweaker, expansions]
[03:20:46.895][INFO][CraftTweaker-ZenCode]: Execution for loader 'initialize' completed successfully
[03:21:09.850][INFO][CraftTweaker-ZenCode]: Started loading scripts for loader 'tags'
[03:21:09.885][INFO][CraftTweaker-ZenCode]: Compiling and executing scripts
[03:21:09.905][INFO][CraftTweaker-ZenCode]: Successfully initialized modules [crafttweaker, expansions]
[03:21:09.918][INFO][CraftTweaker-ZenCode]: Execution for loader 'tags' completed successfully
[03:21:11.007][INFO][CraftTweaker]: crafttweaker.reload.start
[03:21:11.011][INFO][CraftTweaker-ZenCode]: Started loading scripts for loader 'crafttweaker'
[03:21:11.042][INFO][CraftTweaker-ZenCode]: Compiling and executing scripts
[03:21:11.425][INFO][CraftTweaker-ZenCode]: Successfully initialized modules [mods, crafttweaker, expansions]
[03:21:11.438][INFO][CraftTweaker-ZenCode]: Execution for loader 'crafttweaker' completed successfully
[03:21:11.440][INFO][CraftTweaker]: crafttweaker.reload.complete
